==============================================================
Vitis HLS - High-Level Synthesis from C, C++ and OpenCL v2020.2 (64-bit)
Copyright 1986-2020 Xilinx, Inc. All Rights Reserved.
==============================================================
INFO: [SYN 201-201] Setting up clock 'default' with a period of 10ns.
INFO: [HLS 200-10] Setting target device to 'xc7a100t-csg324-1'
INFO: [HLS 200-1505] Using flow_target 'vivado'
INFO: [HLS 200-1510] Running: set_part xc7a100tcsg324-1 
INFO: [HLS 200-1510] Running: create_clock -period 10 -name default 
INFO: [SYN 201-201] Setting up clock 'default' with a period of 10ns.
INFO: [HLS 200-1510] Running: csynth_design 
INFO: [HLS 200-111] Finished File checks and directory preparation: CPU user time: 0 seconds. CPU system time: 0 seconds. Elapsed time: 0.075 seconds; current allocated memory: 865.374 MB.
INFO: [HLS 200-10] Analyzing design file 'curs_aplicativ_1/functii_inline.cpp' ... 
WARNING: [HLS 207-5527] unexpected pragma parameter 'mode': curs_aplicativ_1/functii_inline.cpp:13:23
WARNING: [HLS 207-5527] unexpected pragma parameter 'mode': curs_aplicativ_1/functii_inline.cpp:14:23
WARNING: [HLS 207-5527] unexpected pragma parameter 'mode': curs_aplicativ_1/functii_inline.cpp:15:23
WARNING: [HLS 207-5527] unexpected pragma parameter 'mode': curs_aplicativ_1/functii_inline.cpp:16:23
ERROR: [HLS 207-3334] no matching function for call to 'INV1': curs_aplicativ_1/functii_inline.cpp:18:12
INFO: [HLS 207-4369] candidate function not viable: requires single argument 'a', but 2 arguments were provided: curs_aplicativ_1/functii_inline.cpp:6:6
INFO: [HLS 200-111] Finished Command csynth_design CPU user time: 1 seconds. CPU system time: 0 seconds. Elapsed time: 5.755 seconds; current allocated memory: 87.169 MB.
INFO: [HLS 200-112] Total CPU user time: 6 seconds. Total CPU system time: 2 seconds. Total elapsed time: 13.787 seconds; peak allocated memory: 865.374 MB.
