

================================================================
== Vitis HLS Report for 'myTopFuncSem'
================================================================
* Date:           Fri Feb  4 00:15:05 2022

* Version:        2020.2 (Build 3064766 on Wed Nov 18 09:12:45 MST 2020)
* Project:        semaphores_mam
* Solution:       solution1 (Vivado IP Flow Target)
* Product family: artix7
* Target device:  xc7a100t-csg324-1


================================================================
== Performance Estimates
================================================================
+ Timing: 
    * Summary: 
    +--------+----------+----------+------------+
    |  Clock |  Target  | Estimated| Uncertainty|
    +--------+----------+----------+------------+
    |ap_clk  |  10.00 ns|  6.876 ns|     2.70 ns|
    +--------+----------+----------+------------+

+ Latency: 
    * Summary: 
    +---------+---------+-----------+-----------+-----+-----+---------+
    |  Latency (cycles) |   Latency (absolute)  |  Interval | Pipeline|
    |   min   |   max   |    min    |    max    | min | max |   Type  |
    +---------+---------+-----------+-----------+-----+-----+---------+
    |        1|        1|  10.000 ns|  10.000 ns|    2|    2|     none|
    +---------+---------+-----------+-----------+-----+-----+---------+

    + Detail: 
        * Instance: 
        N/A

        * Loop: 
        N/A



================================================================
== Utilization Estimates
================================================================
* Summary: 
+-----------------+---------+-----+--------+-------+-----+
|       Name      | BRAM_18K| DSP |   FF   |  LUT  | URAM|
+-----------------+---------+-----+--------+-------+-----+
|DSP              |        -|    -|       -|      -|    -|
|Expression       |        -|    -|       0|    576|    -|
|FIFO             |        -|    -|       -|      -|    -|
|Instance         |        -|    -|       -|      -|    -|
|Memory           |        -|    -|       -|      -|    -|
|Multiplexer      |        -|    -|       -|     13|    -|
|Register         |        -|    -|      17|      -|    -|
+-----------------+---------+-----+--------+-------+-----+
|Total            |        0|    0|      17|    589|    0|
+-----------------+---------+-----+--------+-------+-----+
|Available        |      270|  240|  126800|  63400|    0|
+-----------------+---------+-----+--------+-------+-----+
|Utilization (%)  |        0|    0|      ~0|     ~0|    0|
+-----------------+---------+-----+--------+-------+-----+

+ Detail: 
    * Instance: 
    N/A

    * DSP: 
    N/A

    * Memory: 
    N/A

    * FIFO: 
    N/A

    * Expression: 
    +-------------------------------+----------+----+---+----+------------+------------+
    |         Variable Name         | Operation| DSP| FF| LUT| Bitwidth P0| Bitwidth P1|
    +-------------------------------+----------+----+---+----+------------+------------+
    |and_ln12_1_fu_521_p2           |       and|   0|  0|   2|           1|           1|
    |and_ln12_2_fu_563_p2           |       and|   0|  0|   2|           1|           1|
    |and_ln12_3_fu_569_p2           |       and|   0|  0|   2|           1|           1|
    |and_ln12_4_fu_575_p2           |       and|   0|  0|   2|           1|           1|
    |and_ln12_5_fu_581_p2           |       and|   0|  0|   2|           1|           1|
    |and_ln12_fu_243_p2             |       and|   0|  0|   2|           1|           1|
    |and_ln13_1_fu_291_p2           |       and|   0|  0|   2|           1|           1|
    |and_ln13_2_fu_296_p2           |       and|   0|  0|   2|           1|           1|
    |and_ln13_3_fu_305_p2           |       and|   0|  0|   2|           1|           1|
    |and_ln13_4_fu_526_p2           |       and|   0|  0|   2|           1|           1|
    |and_ln13_fu_247_p2             |       and|   0|  0|   2|           1|           1|
    |and_ln16_1_fu_395_p2           |       and|   0|  0|   2|           1|           1|
    |and_ln16_2_fu_537_p2           |       and|   0|  0|   2|           1|           1|
    |and_ln16_3_fu_541_p2           |       and|   0|  0|   2|           1|           1|
    |and_ln16_fu_263_p2             |       and|   0|  0|   2|           1|           1|
    |and_ln24_1_fu_301_p2           |       and|   0|  0|   2|           1|           1|
    |and_ln24_2_fu_495_p2           |       and|   0|  0|   2|           1|           1|
    |and_ln24_3_fu_164_p2           |       and|   0|  0|   2|           1|           1|
    |and_ln24_4_fu_500_p2           |       and|   0|  0|   2|           1|           1|
    |and_ln24_5_fu_504_p2           |       and|   0|  0|   2|           1|           1|
    |and_ln24_fu_208_p2             |       and|   0|  0|   2|           1|           1|
    |and_ln27_fu_310_p2             |       and|   0|  0|   2|           1|           1|
    |and_ln2_fu_200_p2              |       and|   0|  0|   2|           1|           1|
    |and_ln37_1_fu_401_p2           |       and|   0|  0|   2|           1|           1|
    |and_ln37_2_fu_465_p2           |       and|   0|  0|   2|           1|           1|
    |and_ln37_fu_385_p2             |       and|   0|  0|   2|           1|           1|
    |and_ln38_fu_239_p2             |       and|   0|  0|   2|           1|           1|
    |and_ln3_1_fu_227_p2            |       and|   0|  0|   2|           1|           1|
    |and_ln3_2_fu_233_p2            |       and|   0|  0|   2|           1|           1|
    |and_ln3_3_fu_455_p2            |       and|   0|  0|   2|           1|           1|
    |and_ln3_fu_110_p2              |       and|   0|  0|   2|           1|           1|
    |and_ln45_fu_269_p2             |       and|   0|  0|   2|           1|           1|
    |sel_tmp129_fu_481_p2           |       and|   0|  0|   2|           1|           1|
    |sel_tmp53_fu_349_p2            |       and|   0|  0|   2|           1|           1|
    |sel_tmp92_fu_424_p2            |       and|   0|  0|   2|           1|           1|
    |tmp470_fu_339_p2               |       and|   0|  0|   2|           1|           1|
    |tmp471_fu_344_p2               |       and|   0|  0|   2|           1|           1|
    |icmp_ln11_fu_98_p2             |      icmp|   0|  0|  18|          32|           1|
    |icmp_ln12_fu_86_p2             |      icmp|   0|  0|  18|          32|           1|
    |icmp_ln13_fu_128_p2            |      icmp|   0|  0|  18|          32|           1|
    |icmp_ln16_fu_92_p2             |      icmp|   0|  0|  18|          32|           1|
    |icmp_ln24_1_fu_152_p2          |      icmp|   0|  0|  18|          32|           1|
    |icmp_ln24_2_fu_158_p2          |      icmp|   0|  0|  18|          32|           1|
    |icmp_ln24_fu_104_p2            |      icmp|   0|  0|  18|          32|           1|
    |icmp_ln2_fu_74_p2              |      icmp|   0|  0|  18|          32|           1|
    |icmp_ln37_1_fu_146_p2          |      icmp|   0|  0|  18|          32|           1|
    |icmp_ln37_fu_134_p2            |      icmp|   0|  0|  18|          32|           1|
    |icmp_ln39_fu_122_p2            |      icmp|   0|  0|  18|          32|           1|
    |icmp_ln3_1_fu_116_p2           |      icmp|   0|  0|  18|          32|           1|
    |icmp_ln3_fu_80_p2              |      icmp|   0|  0|  18|          32|           1|
    |icmp_ln57_fu_176_p2            |      icmp|   0|  0|  18|          32|           1|
    |icmp_ln66_fu_194_p2            |      icmp|   0|  0|  18|          32|           1|
    |or_ln105_1_fu_605_p2           |        or|   0|  0|   2|           1|           1|
    |or_ln105_2_fu_611_p2           |        or|   0|  0|   2|           1|           1|
    |or_ln105_3_fu_626_p2           |        or|   0|  0|   2|           1|           1|
    |or_ln105_4_fu_631_p2           |        or|   0|  0|   2|           1|           1|
    |or_ln105_5_fu_637_p2           |        or|   0|  0|   2|           1|           1|
    |or_ln105_6_fu_649_p2           |        or|   0|  0|   2|           1|           1|
    |or_ln105_7_fu_655_p2           |        or|   0|  0|   2|           1|           1|
    |or_ln105_fu_615_p2             |        or|   0|  0|   2|           1|           1|
    |or_ln11_fu_204_p2              |        or|   0|  0|   2|           1|           1|
    |or_ln12_1_fu_557_p2            |        or|   0|  0|   2|           1|           1|
    |or_ln12_fu_553_p2              |        or|   0|  0|   2|           1|           1|
    |or_ln16_fu_258_p2              |        or|   0|  0|   2|           1|           1|
    |or_ln27_1_fu_315_p2            |        or|   0|  0|   2|           1|           1|
    |or_ln27_2_fu_321_p2            |        or|   0|  0|   2|           1|           1|
    |or_ln27_3_fu_327_p2            |        or|   0|  0|   2|           1|           1|
    |or_ln27_4_fu_333_p2            |        or|   0|  0|   2|           1|           1|
    |or_ln27_fu_218_p2              |        or|   0|  0|   2|           1|           1|
    |or_ln2_fu_599_p2               |        or|   0|  0|   2|           1|           1|
    |or_ln37_1_fu_406_p2            |        or|   0|  0|   2|           1|           1|
    |or_ln37_2_fu_412_p2            |        or|   0|  0|   2|           1|           1|
    |or_ln37_3_fu_418_p2            |        or|   0|  0|   2|           1|           1|
    |or_ln37_4_fu_140_p2            |        or|   0|  0|  32|          32|          32|
    |or_ln37_5_fu_460_p2            |        or|   0|  0|   2|           1|           1|
    |or_ln37_6_fu_470_p2            |        or|   0|  0|   2|           1|           1|
    |or_ln37_7_fu_475_p2            |        or|   0|  0|   2|           1|           1|
    |or_ln37_fu_379_p2              |        or|   0|  0|   2|           1|           1|
    |or_ln38_fu_438_p2              |        or|   0|  0|   2|           1|           1|
    |or_ln3_fu_223_p2               |        or|   0|  0|   2|           1|           1|
    |or_ln45_fu_367_p2              |        or|   0|  0|   2|           1|           1|
    |or_ln57_fu_170_p2              |        or|   0|  0|  32|          32|          32|
    |or_ln66_1_fu_188_p2            |        or|   0|  0|  32|          32|          32|
    |or_ln66_fu_182_p2              |        or|   0|  0|  32|          32|          32|
    |sel_tmp381_demorgan_fu_587_p2  |        or|   0|  0|   2|           1|           1|
    |sel_tmp418_demorgan_fu_593_p2  |        or|   0|  0|   2|           1|           1|
    |sel_tmp54_fu_361_p2            |        or|   0|  0|   2|           1|           1|
    |sel_tmp130_fu_487_p3           |    select|   0|  0|   2|           1|           1|
    |sel_tmp93_fu_430_p3            |    select|   0|  0|   2|           1|           1|
    |select_ln105_1_fu_674_p3       |    select|   0|  0|   2|           1|           1|
    |select_ln105_fu_661_p3         |    select|   0|  0|   2|           1|           1|
    |not_sel_tmp53_fu_355_p2        |       xor|   0|  0|   2|           1|           2|
    |xor_ln105_1_fu_643_p2          |       xor|   0|  0|   2|           1|           2|
    |xor_ln105_2_fu_681_p2          |       xor|   0|  0|   2|           1|           2|
    |xor_ln105_fu_621_p2            |       xor|   0|  0|   2|           1|           2|
    |xor_ln11_1_fu_286_p2           |       xor|   0|  0|   2|           1|           2|
    |xor_ln11_2_fu_516_p2           |       xor|   0|  0|   2|           1|           1|
    |xor_ln11_fu_280_p2             |       xor|   0|  0|   2|           1|           2|
    |xor_ln13_fu_531_p2             |       xor|   0|  0|   2|           2|           1|
    |xor_ln16_1_fu_390_p2           |       xor|   0|  0|   2|           1|           2|
    |xor_ln16_2_fu_547_p2           |       xor|   0|  0|   2|           2|           1|
    |xor_ln16_fu_252_p2             |       xor|   0|  0|   2|           2|           1|
    |xor_ln24_fu_510_p2             |       xor|   0|  0|   2|           2|           1|
    |xor_ln27_fu_212_p2             |       xor|   0|  0|   2|           2|           1|
    |xor_ln2_fu_274_p2              |       xor|   0|  0|   2|           2|           1|
    |xor_ln38_fu_444_p2             |       xor|   0|  0|   2|           1|           2|
    |xor_ln3_fu_450_p2              |       xor|   0|  0|   2|           1|           2|
    |xor_ln45_fu_373_p2             |       xor|   0|  0|   2|           1|           2|
    +-------------------------------+----------+----+---+----+------------+------------+
    |Total                          |          |   0|  0| 576|         703|         242|
    +-------------------------------+----------+----+---+----+------------+------------+

    * Multiplexer: 
    +-----------+----+-----------+-----+-----------+
    |    Name   | LUT| Input Size| Bits| Total Bits|
    +-----------+----+-----------+-----+-----------+
    |ap_NS_fsm  |  13|          3|    1|          3|
    +-----------+----+-----------+-----+-----------+
    |Total      |  13|          3|    1|          3|
    +-----------+----+-----------+-----+-----------+

    * Register: 
    +---------------------+---+----+-----+-----------+
    |         Name        | FF| LUT| Bits| Const Bits|
    +---------------------+---+----+-----+-----------+
    |and_ln24_3_reg_781   |  1|   0|    1|          0|
    |and_ln3_reg_746      |  1|   0|    1|          0|
    |ap_CS_fsm            |  2|   0|    2|          0|
    |icmp_ln11_reg_728    |  1|   0|    1|          0|
    |icmp_ln12_reg_710    |  1|   0|    1|          0|
    |icmp_ln13_reg_763    |  1|   0|    1|          0|
    |icmp_ln16_reg_719    |  1|   0|    1|          0|
    |icmp_ln24_reg_737    |  1|   0|    1|          0|
    |icmp_ln2_reg_692     |  1|   0|    1|          0|
    |icmp_ln37_1_reg_776  |  1|   0|    1|          0|
    |icmp_ln37_reg_770    |  1|   0|    1|          0|
    |icmp_ln39_reg_758    |  1|   0|    1|          0|
    |icmp_ln3_1_reg_752   |  1|   0|    1|          0|
    |icmp_ln3_reg_702     |  1|   0|    1|          0|
    |icmp_ln57_reg_787    |  1|   0|    1|          0|
    |icmp_ln66_reg_793    |  1|   0|    1|          0|
    +---------------------+---+----+-----+-----------+
    |Total                | 17|   0|   17|          0|
    +---------------------+---+----+-----+-----------+



================================================================
== Interface
================================================================
* Summary: 
+-----------+-----+-----+------------+--------------+--------------+
| RTL Ports | Dir | Bits|  Protocol  | Source Object|    C Type    |
+-----------+-----+-----+------------+--------------+--------------+
|ap_clk     |   in|    1|  ap_ctrl_hs|  myTopFuncSem|  return value|
|ap_rst     |   in|    1|  ap_ctrl_hs|  myTopFuncSem|  return value|
|ap_start   |   in|    1|  ap_ctrl_hs|  myTopFuncSem|  return value|
|ap_done    |  out|    1|  ap_ctrl_hs|  myTopFuncSem|  return value|
|ap_idle    |  out|    1|  ap_ctrl_hs|  myTopFuncSem|  return value|
|ap_ready   |  out|    1|  ap_ctrl_hs|  myTopFuncSem|  return value|
|stg        |   in|   32|     ap_none|           stg|        scalar|
|d          |   in|   32|     ap_none|             d|        scalar|
|s          |   in|   32|     ap_none|             s|        scalar|
|j          |   in|   32|     ap_none|             j|        scalar|
|ew         |  out|   32|      ap_vld|            ew|       pointer|
|ew_ap_vld  |  out|    1|      ap_vld|            ew|       pointer|
|ns         |  out|   32|      ap_vld|            ns|       pointer|
|ns_ap_vld  |  out|    1|      ap_vld|            ns|       pointer|
+-----------+-----+-----+------------+--------------+--------------+

